<?xml version="1.0" encoding="UTF-8"?>
<testsuite xmlns:xsi="http://www.w3.org/2001/XMLSchema-instance" xsi:noNamespaceSchemaLocation="https://maven.apache.org/surefire/maven-surefire-plugin/xsd/surefire-test-report.xsd" name="ro.unibuc.pao.homework.TestZigZagLine" time="0.053" tests="4" errors="0" skipped="0" failures="0">
  <properties>
[...]
</properties>
  <testcase name="testSimpleLine" classname="ro.unibuc.pao.homework.TestZigZagLine" time="0.037"/>
  <testcase name="testAddExtraPoint" classname="ro.unibuc.pao.homework.TestZigZagLine" time="0"/>
  <testcase name="testLineImmutability" classname="ro.unibuc.pao.homework.TestZigZagLine" time="0"/>
  <testcase name="testMultipleLines" classname="ro.unibuc.pao.homework.TestZigZagLine" time="0"/>
</testsuite>